<?xml version="1.0" encoding="UTF-8"?>
<!-- Generated by org.testng.reporters.JUnitReportReporter -->
<testsuite hostname="DESKTOP-JQMCIDH" failures="0" tests="2" name="haloDocRest.testcases.TC1_RunCurrency" time="11.582" errors="0" timestamp="2021-09-07T14:33:10 IST" skipped="0">
  <testcase classname="haloDocRest.testcases.TC1_RunCurrency" name="getID" time="10.728"/>
  <system-out/>
  <testcase classname="haloDocRest.testcases.TC1_RunCurrency" name="getCurrencyVal" time="0.854"/>
  <system-out/>
</testsuite> <!-- haloDocRest.testcases.TC1_RunCurrency -->
